[
    {
        "Id": "990994acc265ee2d4a3f01531249ab4a9327987472148ee1f1a9d3d958c5f5d0",
        "Created": "2025-12-21T16:33:42.760034914Z",
        "Path": "/portainer",
        "Args": [],
        "State": {
            "Status": "running",
            "Running": true,
            "Paused": false,
            "Restarting": false,
            "OOMKilled": false,
            "Dead": false,
            "Pid": 85543,
            "ExitCode": 0,
            "Error": "",
            "StartedAt": "2025-12-22T11:37:14.760290987Z",
            "FinishedAt": "2025-12-22T11:37:11.907367431Z"
        },
        "Image": "sha256:2622931a6f420d9c80c84f6b17cce4b0fb5a0d67b23eb2baf44eae774ff5a9ac",
        "ResolvConfPath": "/var/lib/docker/containers/990994acc265ee2d4a3f01531249ab4a9327987472148ee1f1a9d3d958c5f5d0/resolv.conf",
        "HostnamePath": "/var/lib/docker/containers/990994acc265ee2d4a3f01531249ab4a9327987472148ee1f1a9d3d958c5f5d0/hostname",
        "HostsPath": "/var/lib/docker/containers/990994acc265ee2d4a3f01531249ab4a9327987472148ee1f1a9d3d958c5f5d0/hosts",
        "LogPath": "/var/lib/docker/containers/990994acc265ee2d4a3f01531249ab4a9327987472148ee1f1a9d3d958c5f5d0/990994acc265ee2d4a3f01531249ab4a9327987472148ee1f1a9d3d958c5f5d0-json.log",
        "Name": "/portainer",
        "RestartCount": 0,
        "Driver": "overlay2",
        "Platform": "linux",
        "MountLabel": "",
        "ProcessLabel": "",
        "AppArmorProfile": "",
        "ExecIDs": null,
        "HostConfig": {
            "Binds": [
                "/var/run/docker.sock:/var/run/docker.sock:z",
                "portainer_data:/data"
            ],
            "ContainerIDFile": "",
            "LogConfig": {
                "Type": "json-file",
                "Config": {}
            },
            "NetworkMode": "bridge",
            "PortBindings": {
                "9000/tcp": [
                    {
                        "HostIp": "",
                        "HostPort": "9000"
                    }
                ],
                "9443/tcp": [
                    {
                        "HostIp": "",
                        "HostPort": "9443"
                    }
                ]
            },
            "RestartPolicy": {
                "Name": "always",
                "MaximumRetryCount": 0
            },
            "AutoRemove": false,
            "VolumeDriver": "",
            "VolumesFrom": null,
            "ConsoleSize": [
                41,
                192
            ],
            "CapAdd": null,
            "CapDrop": null,
            "CgroupnsMode": "private",
            "Dns": null,
            "DnsOptions": [],
            "DnsSearch": [],
            "ExtraHosts": null,
            "GroupAdd": null,
            "IpcMode": "private",
            "Cgroup": "",
            "Links": null,
            "OomScoreAdj": 0,
            "PidMode": "",
            "Privileged": false,
            "PublishAllPorts": false,
            "ReadonlyRootfs": false,
            "SecurityOpt": null,
            "UTSMode": "",
            "UsernsMode": "",
            "ShmSize": 67108864,
            "Runtime": "runc",
            "Isolation": "",
            "CpuShares": 0,
            "Memory": 0,
            "NanoCpus": 0,
            "CgroupParent": "",
            "BlkioWeight": 0,
            "BlkioWeightDevice": [],
            "BlkioDeviceReadBps": [],
            "BlkioDeviceWriteBps": [],
            "BlkioDeviceReadIOps": [],
            "BlkioDeviceWriteIOps": [],
            "CpuPeriod": 0,
            "CpuQuota": 0,
            "CpuRealtimePeriod": 0,
            "CpuRealtimeRuntime": 0,
            "CpusetCpus": "",
            "CpusetMems": "",
            "Devices": [],
            "DeviceCgroupRules": null,
            "DeviceRequests": null,
            "MemoryReservation": 0,
            "MemorySwap": 0,
            "MemorySwappiness": null,
            "OomKillDisable": null,
            "PidsLimit": null,
            "Ulimits": [],
            "CpuCount": 0,
            "CpuPercent": 0,
            "IOMaximumIOps": 0,
            "IOMaximumBandwidth": 0,
            "MaskedPaths": [
                "/proc/acpi",
                "/proc/asound",
                "/proc/interrupts",
                "/proc/kcore",
                "/proc/keys",
                "/proc/latency_stats",
                "/proc/sched_debug",
                "/proc/scsi",
                "/proc/timer_list",
                "/proc/timer_stats",
                "/sys/devices/virtual/powercap",
                "/sys/firmware",
                "/sys/devices/system/cpu/cpu0/thermal_throttle",
                "/sys/devices/system/cpu/cpu1/thermal_throttle",
                "/sys/devices/system/cpu/cpu2/thermal_throttle",
                "/sys/devices/system/cpu/cpu3/thermal_throttle",
                "/sys/devices/system/cpu/cpu4/thermal_throttle",
                "/sys/devices/system/cpu/cpu5/thermal_throttle",
                "/sys/devices/system/cpu/cpu6/thermal_throttle",
                "/sys/devices/system/cpu/cpu7/thermal_throttle"
            ],
            "ReadonlyPaths": [
                "/proc/bus",
                "/proc/fs",
                "/proc/irq",
                "/proc/sys",
                "/proc/sysrq-trigger"
            ]
        },
        "GraphDriver": {
            "Data": {
                "ID": "990994acc265ee2d4a3f01531249ab4a9327987472148ee1f1a9d3d958c5f5d0",
                "LowerDir": "/var/lib/docker/overlay2/32d03f2f2122968135a68c6a474e19479f09e0cdeb99b2030e8d8f47d6811c30-init/diff:/var/lib/docker/overlay2/b2ee9f18c854899ac49f014c60601e1d4e269a5a2db71cc7b92ec6d6fdb2a6ba/diff:/var/lib/docker/overlay2/33fe5550b4f50b9d9dc7e96fbdbe8e54a8218d07a023a24fc6649ffd4229de31/diff:/var/lib/docker/overlay2/ac2c68f93e4c2c5186119f689aaad194fdf32dca549dd6ca1c5fa699f8277f85/diff:/var/lib/docker/overlay2/1c49a8e4ef1efe118e00b9e9c484f0d44979f6cbe93f4bbcae554e2ab84f9df8/diff:/var/lib/docker/overlay2/bbd678ce5466f7662a2f94e8fe31485335cd2d03e341c279172968b2fe010ea3/diff:/var/lib/docker/overlay2/504d66996519a9b4120f9abe74ed9afe1ea352207278a605b8ed375b20861e5c/diff:/var/lib/docker/overlay2/30283d1f1c9dcd5c15ddefc06957d96979d33e6a7d816a10a2315d0bd743a829/diff:/var/lib/docker/overlay2/03565e87ffe11f0edff2b270f1447c36d802208d71d4608504e8f4c7ced7e898/diff",
                "MergedDir": "/var/lib/docker/overlay2/32d03f2f2122968135a68c6a474e19479f09e0cdeb99b2030e8d8f47d6811c30/merged",
                "UpperDir": "/var/lib/docker/overlay2/32d03f2f2122968135a68c6a474e19479f09e0cdeb99b2030e8d8f47d6811c30/diff",
                "WorkDir": "/var/lib/docker/overlay2/32d03f2f2122968135a68c6a474e19479f09e0cdeb99b2030e8d8f47d6811c30/work"
            },
            "Name": "overlay2"
        },
        "Mounts": [
            {
                "Type": "bind",
                "Source": "/var/run/docker.sock",
                "Destination": "/var/run/docker.sock",
                "Mode": "z",
                "RW": true,
                "Propagation": "rprivate"
            },
            {
                "Type": "volume",
                "Name": "portainer_data",
                "Source": "/var/lib/docker/volumes/portainer_data/_data",
                "Destination": "/data",
                "Driver": "local",
                "Mode": "z",
                "RW": true,
                "Propagation": ""
            }
        ],
        "Config": {
            "Hostname": "990994acc265",
            "Domainname": "",
            "User": "",
            "AttachStdin": false,
            "AttachStdout": false,
            "AttachStderr": false,
            "ExposedPorts": {
                "8000/tcp": {},
                "9000/tcp": {},
                "9443/tcp": {}
            },
            "Tty": false,
            "OpenStdin": false,
            "StdinOnce": false,
            "Env": [
                "PATH=/usr/local/sbin:/usr/local/bin:/usr/sbin:/usr/bin:/sbin:/bin"
            ],
            "Cmd": null,
            "Image": "portainer/portainer-ce:latest",
            "Volumes": {
                "/data": {}
            },
            "WorkingDir": "/",
            "Entrypoint": [
                "/portainer"
            ],
            "Labels": {
                "com.docker.desktop.extension.api.version": ">= 0.2.2",
                "com.docker.desktop.extension.icon": "https://portainer-io-assets.sfo2.cdn.digitaloceanspaces.com/logos/portainer.png",
                "com.docker.extension.additional-urls": "[{\"title\":\"Website\",\"url\":\"https://www.portainer.io?utm_campaign=DockerCon&utm_source=DockerDesktop\"},{\"title\":\"Documentation\",\"url\":\"https://docs.portainer.io\"},{\"title\":\"Support\",\"url\":\"https://join.slack.com/t/portainer/shared_invite/zt-txh3ljab-52QHTyjCqbe5RibC2lcjKA\"}]",
                "com.docker.extension.detailed-description": "<p data-renderer-start-pos=\"226\">Portainer&rsquo;s Docker Desktop extension gives you access to all of Portainer&rsquo;s rich management functionality within your docker desktop experience.</p><h2 data-renderer-start-pos=\"374\">With Portainer you can:</h2><ul><li>See all your running containers</li><li>Easily view all of your container logs</li><li>Console into containers</li><li>Easily deploy your code into containers using a simple form</li><li>Turn your YAML into custom templates for easy reuse</li></ul><h2 data-renderer-start-pos=\"660\">About Portainer&nbsp;</h2><p data-renderer-start-pos=\"680\">Portainer is the worlds&rsquo; most popular universal container management platform with more than 650,000 active monthly users. Portainer can be used to manage Docker Standalone, Kubernetes and Docker Swarm environments through a single common interface. It includes a simple GitOps automation engine and a Kube API.&nbsp;</p><p data-renderer-start-pos=\"1006\">Portainer Business Edition is our fully supported commercial grade product for business-wide use. It includes all the functionality that businesses need to manage containers at scale. Visit <a class=\"sc-jKJlTe dPfAtb\" href=\"http://portainer.io/\" title=\"http://Portainer.io\" data-renderer-mark=\"true\">Portainer.io</a> to learn more about Portainer Business and <a class=\"sc-jKJlTe dPfAtb\" href=\"http://portainer.io/take-3?utm_campaign=DockerCon&amp;utm_source=Docker%20Desktop\" title=\"http://portainer.io/take-3?utm_campaign=DockerCon&amp;utm_source=Docker%20Desktop\" data-renderer-mark=\"true\">get 3 free nodes.</a></p>",
                "com.docker.extension.publisher-url": "https://www.portainer.io",
                "com.docker.extension.screenshots": "[{\"alt\": \"screenshot one\", \"url\": \"https://portainer-io-assets.sfo2.digitaloceanspaces.com/screenshots/docker-extension-1.png\"},{\"alt\": \"screenshot two\", \"url\": \"https://portainer-io-assets.sfo2.digitaloceanspaces.com/screenshots/docker-extension-2.png\"},{\"alt\": \"screenshot three\", \"url\": \"https://portainer-io-assets.sfo2.digitaloceanspaces.com/screenshots/docker-extension-3.png\"},{\"alt\": \"screenshot four\", \"url\": \"https://portainer-io-assets.sfo2.digitaloceanspaces.com/screenshots/docker-extension-4.png\"},{\"alt\": \"screenshot five\", \"url\": \"https://portainer-io-assets.sfo2.digitaloceanspaces.com/screenshots/docker-extension-5.png\"},{\"alt\": \"screenshot six\", \"url\": \"https://portainer-io-assets.sfo2.digitaloceanspaces.com/screenshots/docker-extension-6.png\"},{\"alt\": \"screenshot seven\", \"url\": \"https://portainer-io-assets.sfo2.digitaloceanspaces.com/screenshots/docker-extension-7.png\"},{\"alt\": \"screenshot eight\", \"url\": \"https://portainer-io-assets.sfo2.digitaloceanspaces.com/screenshots/docker-extension-8.png\"},{\"alt\": \"screenshot nine\", \"url\": \"https://portainer-io-assets.sfo2.digitaloceanspaces.com/screenshots/docker-extension-9.png\"}]",
                "io.portainer.server": "true",
                "org.opencontainers.image.description": "Docker container management made simple, with the world’s most popular GUI-based container management platform.",
                "org.opencontainers.image.title": "Portainer",
                "org.opencontainers.image.vendor": "Portainer.io"
            }
        },
        "NetworkSettings": {
            "SandboxID": "140d2c1a63a2b59288a9810504bc9ba93e5d5c3c4422cc74f90b21ad75e49d6f",
            "SandboxKey": "/var/run/docker/netns/140d2c1a63a2",
            "Ports": {
                "8000/tcp": null,
                "9000/tcp": [
                    {
                        "HostIp": "0.0.0.0",
                        "HostPort": "9000"
                    },
                    {
                        "HostIp": "::",
                        "HostPort": "9000"
                    }
                ],
                "9443/tcp": [
                    {
                        "HostIp": "0.0.0.0",
                        "HostPort": "9443"
                    },
                    {
                        "HostIp": "::",
                        "HostPort": "9443"
                    }
                ]
            },
            "Networks": {
                "bridge": {
                    "IPAMConfig": null,
                    "Links": null,
                    "Aliases": null,
                    "DriverOpts": null,
                    "GwPriority": 0,
                    "NetworkID": "ffeb80ef2b71321bdeb0441689d84b4be41f1bf85af77b8eb1aa57aecdaa8099",
                    "EndpointID": "267c2d90d1a3100801f127bffa40b1a08e0ae8ab19db4f21a28f03ffdd88d072",
                    "Gateway": "172.17.0.1",
                    "IPAddress": "172.17.0.2",
                    "MacAddress": "b2:e2:59:bb:2d:10",
                    "IPPrefixLen": 16,
                    "IPv6Gateway": "",
                    "GlobalIPv6Address": "",
                    "GlobalIPv6PrefixLen": 0,
                    "DNSNames": null
                }
            }
        }
    }
]
